<?xml version="1.0" encoding="UTF-8"?>
<testng-results skipped="0" failed="0" total="1" passed="1">
  <reporter-output>
  </reporter-output>
  <suite name="Default suite" duration-ms="18489" started-at="2018-01-18T18:40:05Z" finished-at="2018-01-18T18:40:24Z">
    <groups>
      <group name="cucumber">
        <method signature="AbstractTestNGCucumberTests.feature(cucumber.api.testng.CucumberFeatureWrapper)[pri:0, instance:com.test.runner.RunnerTestNG@523884b2]" name="feature" class="cucumber.api.testng.AbstractTestNGCucumberTests"/>
      </group> <!-- cucumber -->
    </groups>
    <test name="Default test" duration-ms="18489" started-at="2018-01-18T18:40:05Z" finished-at="2018-01-18T18:40:24Z">
      <class name="com.test.runner.RunnerTestNG">
        <test-method status="PASS" signature="setUpClass()[pri:0, instance:com.test.runner.RunnerTestNG@523884b2]" name="setUpClass" is-config="true" duration-ms="208" started-at="2018-01-19T00:10:05Z" finished-at="2018-01-19T00:10:05Z">
          <reporter-output>
          </reporter-output>
        </test-method> <!-- setUpClass -->
        <test-method status="PASS" signature="feature(cucumber.api.testng.CucumberFeatureWrapper)[pri:0, instance:com.test.runner.RunnerTestNG@523884b2]" name="feature" duration-ms="18042" started-at="2018-01-19T00:10:05Z" description="Runs Cucumber Feature" data-provider="features" finished-at="2018-01-19T00:10:24Z">
          <params>
            <param index="0">
              <value>
                <![CDATA[First Script and DocString]]>
              </value>
            </param>
          </params>
          <reporter-output>
          </reporter-output>
        </test-method> <!-- feature -->
        <test-method status="PASS" signature="tearDownClass()[pri:0, instance:com.test.runner.RunnerTestNG@523884b2]" name="tearDownClass" is-config="true" duration-ms="158" started-at="2018-01-19T00:10:24Z" finished-at="2018-01-19T00:10:24Z">
          <reporter-output>
          </reporter-output>
        </test-method> <!-- tearDownClass -->
      </class> <!-- com.test.runner.RunnerTestNG -->
    </test> <!-- Default test -->
  </suite> <!-- Default suite -->
</testng-results>
